<?xml version="1.0" encoding="UTF-8"?>
<testng-results ignored="0" total="1" passed="1" failed="0" skipped="0">
  <reporter-output>
  </reporter-output>
  <suite started-at="2023-08-21T11:33:04 IST" name="Suite" finished-at="2023-08-21T11:33:23 IST" duration-ms="19022">
    <groups>
    </groups>
    <test started-at="2023-08-21T11:33:04 IST" name="Test" finished-at="2023-08-21T11:33:23 IST" duration-ms="19022">
      <class name="com.inetBanking.testCases.TC_LoginTest_001">
        <test-method is-config="true" signature="setUp(java.lang.String)[pri:0, instance:com.inetBanking.testCases.TC_LoginTest_001@3012646b]" started-at="2023-08-21T11:33:04 IST" name="setUp" finished-at="2023-08-21T11:33:07 IST" duration-ms="3247" status="PASS">
          <params>
            <param index="0">
              <value>
                <![CDATA[chrome]]>
              </value>
            </param>
          </params>
          <reporter-output>
          </reporter-output>
        </test-method> <!-- setUp -->
        <test-method signature="loginTest()[pri:0, instance:com.inetBanking.testCases.TC_LoginTest_001@3012646b]" started-at="2023-08-21T11:33:07 IST" name="loginTest" finished-at="2023-08-21T11:33:18 IST" duration-ms="10521" status="PASS">
          <reporter-output>
          </reporter-output>
        </test-method> <!-- loginTest -->
        <test-method is-config="true" signature="tearDown()[pri:0, instance:com.inetBanking.testCases.TC_LoginTest_001@3012646b]" started-at="2023-08-21T11:33:18 IST" name="tearDown" finished-at="2023-08-21T11:33:23 IST" duration-ms="5213" status="PASS">
          <reporter-output>
          </reporter-output>
        </test-method> <!-- tearDown -->
      </class> <!-- com.inetBanking.testCases.TC_LoginTest_001 -->
    </test> <!-- Test -->
  </suite> <!-- Suite -->
</testng-results>
